<?xml version="1.0" encoding="UTF-8"?>
<testng-results ignored="0" total="1" passed="1" failed="0" skipped="0">
  <reporter-output>
  </reporter-output>
  <suite started-at="2025-12-26T01:38:09 GMT-08:00" name="Default suite" finished-at="2025-12-26T01:38:15 GMT-08:00" duration-ms="6013">
    <groups>
    </groups>
    <test started-at="2025-12-26T01:38:09 GMT-08:00" name="Default test" finished-at="2025-12-26T01:38:15 GMT-08:00" duration-ms="6013">
      <class name="com.HTTPmethods.Put_Method">
        <test-method signature="putMethod()[pri:0, instance:com.HTTPmethods.Put_Method@2a65fe7c]" started-at="2025-12-26T01:38:09 GMT-08:00" name="putMethod" finished-at="2025-12-26T01:38:15 GMT-08:00" duration-ms="5855" status="PASS">
          <reporter-output>
          </reporter-output>
        </test-method> <!-- putMethod -->
      </class> <!-- com.HTTPmethods.Put_Method -->
    </test> <!-- Default test -->
  </suite> <!-- Default suite -->
</testng-results>
